Exception:
Traceback (most recent call last):
  File "/cm/shared/apps/python/3.5.2/lib/python3.5/site-packages/pip/basecommand.py", line 215, in main
    status = self.run(options, args)
  File "/cm/shared/apps/python/3.5.2/lib/python3.5/site-packages/pip/commands/uninstall.py", line 76, in run
    requirement_set.uninstall(auto_confirm=options.yes)
  File "/cm/shared/apps/python/3.5.2/lib/python3.5/site-packages/pip/req/req_set.py", line 346, in uninstall
    req.uninstall(auto_confirm=auto_confirm)
  File "/cm/shared/apps/python/3.5.2/lib/python3.5/site-packages/pip/req/req_install.py", line 754, in uninstall
    paths_to_remove.remove(auto_confirm)
  File "/cm/shared/apps/python/3.5.2/lib/python3.5/site-packages/pip/req/req_uninstall.py", line 103, in remove
    response = ask('Proceed (y/n)? ', ('y', 'n'))
  File "/cm/shared/apps/python/3.5.2/lib/python3.5/site-packages/pip/utils/__init__.py", line 158, in ask
    response = input(message)
EOFError: EOF when reading a line
Exception:
Traceback (most recent call last):
  File "/cm/shared/apps/python/3.5.2/lib/python3.5/shutil.py", line 538, in move
    os.rename(src, real_dst)
FileNotFoundError: [Errno 2] No such file or directory: '/home/usaxena/.local/lib/python3.5/site-packages/tensorflow-0.11.0.dist-info/INSTALLER.pip' -> '/home/usaxena/.local/lib/python3.5/site-packages/tensorflow-0.11.0.dist-info/INSTALLER'

During handling of the above exception, another exception occurred:

Traceback (most recent call last):
  File "/cm/shared/apps/python/3.5.2/lib/python3.5/site-packages/pip/basecommand.py", line 215, in main
    status = self.run(options, args)
  File "/cm/shared/apps/python/3.5.2/lib/python3.5/site-packages/pip/commands/install.py", line 342, in run
    prefix=options.prefix_path,
  File "/cm/shared/apps/python/3.5.2/lib/python3.5/site-packages/pip/req/req_set.py", line 784, in install
    **kwargs
  File "/cm/shared/apps/python/3.5.2/lib/python3.5/site-packages/pip/req/req_install.py", line 851, in install
    self.move_wheel_files(self.source_dir, root=root, prefix=prefix)
  File "/cm/shared/apps/python/3.5.2/lib/python3.5/site-packages/pip/req/req_install.py", line 1064, in move_wheel_files
    isolated=self.isolated,
  File "/cm/shared/apps/python/3.5.2/lib/python3.5/site-packages/pip/wheel.py", line 507, in move_wheel_files
    shutil.move(temp_installer, installer)
  File "/cm/shared/apps/python/3.5.2/lib/python3.5/shutil.py", line 552, in move
    copy_function(src, real_dst)
  File "/cm/shared/apps/python/3.5.2/lib/python3.5/shutil.py", line 251, in copy2
    copyfile(src, dst, follow_symlinks=follow_symlinks)
  File "/cm/shared/apps/python/3.5.2/lib/python3.5/shutil.py", line 114, in copyfile
    with open(src, 'rb') as fsrc:
FileNotFoundError: [Errno 2] No such file or directory: '/home/usaxena/.local/lib/python3.5/site-packages/tensorflow-0.11.0.dist-info/INSTALLER.pip'
I tensorflow/stream_executor/dso_loader.cc:111] successfully opened CUDA library libcublas.so locally
I tensorflow/stream_executor/dso_loader.cc:111] successfully opened CUDA library libcudnn.so locally
I tensorflow/stream_executor/dso_loader.cc:111] successfully opened CUDA library libcufft.so locally
I tensorflow/stream_executor/dso_loader.cc:111] successfully opened CUDA library libcuda.so.1 locally
I tensorflow/stream_executor/dso_loader.cc:111] successfully opened CUDA library libcurand.so locally
I tensorflow/core/common_runtime/gpu/gpu_device.cc:951] Found device 0 with properties: 
name: Tesla M40 24GB
major: 5 minor: 2 memoryClockRate (GHz) 1.112
pciBusID 0000:02:00.0
Total memory: 22.43GiB
Free memory: 22.32GiB
I tensorflow/core/common_runtime/gpu/gpu_device.cc:972] DMA: 0 
I tensorflow/core/common_runtime/gpu/gpu_device.cc:982] 0:   Y 
I tensorflow/core/common_runtime/gpu/gpu_device.cc:1041] Creating TensorFlow device (/gpu:0) -> (device: 0, name: Tesla M40 24GB, pci bus id: 0000:02:00.0)
  0%|          | 0/178 [00:00<?, ?it/s]  1%|          | 1/178 [00:06<18:48,  6.38s/it]  1%|          | 2/178 [00:09<16:06,  5.49s/it]  2%|▏         | 3/178 [00:13<14:04,  4.82s/it]I tensorflow/core/common_runtime/gpu/pool_allocator.cc:245] PoolAllocator: After 158892 get requests, put_count=158847 evicted_count=1000 eviction_rate=0.00629537 and unsatisfied allocation rate=0.00720615
I tensorflow/core/common_runtime/gpu/pool_allocator.cc:257] Raising pool_size_limit_ from 100 to 110
  2%|▏         | 4/178 [00:16<12:51,  4.43s/it]  3%|▎         | 5/178 [00:20<11:59,  4.16s/it]  3%|▎         | 6/178 [00:23<11:11,  3.90s/it]  4%|▍         | 7/178 [00:26<10:46,  3.78s/it]  4%|▍         | 8/178 [00:30<10:29,  3.71s/it]  5%|▌         | 9/178 [00:33<09:59,  3.55s/it]  6%|▌         | 10/178 [00:37<09:51,  3.52s/it]  6%|▌         | 11/178 [00:40<09:28,  3.40s/it]  7%|▋         | 12/178 [00:43<09:13,  3.33s/it]  7%|▋         | 13/178 [00:46<09:20,  3.40s/it]  8%|▊         | 14/178 [00:50<09:15,  3.39s/it]  8%|▊         | 15/178 [00:53<09:03,  3.34s/it]  9%|▉         | 16/178 [00:56<08:54,  3.30s/it] 10%|▉         | 17/178 [00:59<08:44,  3.26s/it] 10%|█         | 18/178 [01:03<08:36,  3.23s/it] 11%|█         | 19/178 [01:06<08:36,  3.25s/it] 11%|█         | 20/178 [01:09<08:22,  3.18s/it] 12%|█▏        | 21/178 [01:12<08:19,  3.18s/it] 12%|█▏        | 22/178 [01:15<08:22,  3.22s/it] 13%|█▎        | 23/178 [01:19<08:20,  3.23s/it] 13%|█▎        | 24/178 [01:22<08:15,  3.21s/it] 14%|█▍        | 25/178 [01:25<08:25,  3.30s/it] 15%|█▍        | 26/178 [01:28<08:16,  3.27s/it] 15%|█▌        | 27/178 [01:31<08:02,  3.19s/it] 16%|█▌        | 28/178 [01:35<07:52,  3.15s/it] 16%|█▋        | 29/178 [01:38<07:45,  3.13s/it] 17%|█▋        | 30/178 [01:41<07:45,  3.15s/it] 17%|█▋        | 31/178 [01:44<07:39,  3.13s/it] 18%|█▊        | 32/178 [01:47<07:30,  3.08s/it] 19%|█▊        | 33/178 [01:50<07:24,  3.07s/it] 19%|█▉        | 34/178 [01:53<07:30,  3.13s/it] 20%|█▉        | 35/178 [01:56<07:26,  3.12s/it] 20%|██        | 36/178 [02:00<07:28,  3.16s/it] 21%|██        | 37/178 [02:03<07:38,  3.25s/it] 21%|██▏       | 38/178 [02:06<07:25,  3.18s/it] 22%|██▏       | 39/178 [02:09<07:15,  3.13s/it] 22%|██▏       | 40/178 [02:13<07:26,  3.24s/it] 23%|██▎       | 41/178 [02:16<07:19,  3.21s/it] 24%|██▎       | 42/178 [02:19<07:15,  3.20s/it] 24%|██▍       | 43/178 [02:22<07:10,  3.19s/it] 25%|██▍       | 44/178 [02:25<07:11,  3.22s/it] 25%|██▌       | 45/178 [02:28<07:02,  3.17s/it] 26%|██▌       | 46/178 [02:31<06:51,  3.12s/it] 26%|██▋       | 47/178 [02:35<06:50,  3.14s/it] 27%|██▋       | 48/178 [02:37<06:41,  3.09s/it] 28%|██▊       | 49/178 [02:41<06:39,  3.10s/it] 28%|██▊       | 50/178 [02:44<06:35,  3.09s/it] 29%|██▊       | 51/178 [02:47<06:33,  3.10s/it] 29%|██▉       | 52/178 [02:50<06:28,  3.08s/it] 30%|██▉       | 53/178 [02:53<06:29,  3.11s/it] 30%|███       | 54/178 [02:56<06:29,  3.14s/it] 31%|███       | 55/178 [02:59<06:23,  3.12s/it] 31%|███▏      | 56/178 [03:02<06:16,  3.09s/it] 32%|███▏      | 57/178 [03:05<06:14,  3.10s/it] 33%|███▎      | 58/178 [03:08<06:07,  3.06s/it] 33%|███▎      | 59/178 [03:11<06:04,  3.06s/it] 34%|███▎      | 60/178 [03:14<05:57,  3.03s/it] 34%|███▍      | 61/178 [03:17<05:52,  3.01s/it] 35%|███▍      | 62/178 [03:20<05:48,  3.00s/it] 35%|███▌      | 63/178 [03:23<05:48,  3.03s/it] 36%|███▌      | 64/178 [03:27<05:46,  3.04s/it] 37%|███▋      | 65/178 [03:30<05:45,  3.06s/it] 37%|███▋      | 66/178 [03:33<05:41,  3.05s/it] 38%|███▊      | 67/178 [03:36<05:42,  3.08s/it] 38%|███▊      | 68/178 [03:39<05:40,  3.10s/it] 39%|███▉      | 69/178 [03:42<05:39,  3.11s/it] 39%|███▉      | 70/178 [03:46<05:45,  3.20s/it] 40%|███▉      | 71/178 [03:49<05:35,  3.14s/it] 40%|████      | 72/178 [03:52<05:40,  3.21s/it] 41%|████      | 73/178 [03:55<05:34,  3.19s/it] 42%|████▏     | 74/178 [03:58<05:22,  3.10s/it] 42%|████▏     | 75/178 [04:01<05:17,  3.08s/it] 43%|████▎     | 76/178 [04:04<05:15,  3.09s/it] 43%|████▎     | 77/178 [04:07<05:14,  3.11s/it] 44%|████▍     | 78/178 [04:10<05:11,  3.12s/it] 44%|████▍     | 79/178 [04:13<05:05,  3.09s/it] 45%|████▍     | 80/178 [04:17<05:04,  3.10s/it] 46%|████▌     | 81/178 [04:20<05:01,  3.11s/it] 46%|████▌     | 82/178 [04:23<04:56,  3.09s/it] 47%|████▋     | 83/178 [04:26<05:00,  3.17s/it] 47%|████▋     | 84/178 [04:29<04:55,  3.14s/it] 48%|████▊     | 85/178 [04:32<04:50,  3.12s/it] 48%|████▊     | 86/178 [04:35<04:44,  3.10s/it] 49%|████▉     | 87/178 [04:38<04:39,  3.07s/it] 49%|████▉     | 88/178 [04:41<04:37,  3.08s/it] 50%|█████     | 89/178 [04:44<04:31,  3.05s/it] 51%|█████     | 90/178 [04:47<04:29,  3.07s/it] 51%|█████     | 91/178 [04:51<04:26,  3.07s/it]I tensorflow/core/common_runtime/gpu/pool_allocator.cc:245] PoolAllocator: After 1453184 get requests, put_count=1453162 evicted_count=2000 eviction_rate=0.00137631 and unsatisfied allocation rate=0.00140313
 52%|█████▏    | 92/178 [04:54<04:25,  3.09s/it] 52%|█████▏    | 93/178 [04:57<04:21,  3.07s/it] 53%|█████▎    | 94/178 [05:00<04:22,  3.12s/it] 53%|█████▎    | 95/178 [05:03<04:20,  3.14s/it] 54%|█████▍    | 96/178 [05:06<04:15,  3.11s/it] 54%|█████▍    | 97/178 [05:10<04:17,  3.18s/it] 55%|█████▌    | 98/178 [05:13<04:11,  3.14s/it] 56%|█████▌    | 99/178 [05:16<04:07,  3.14s/it] 56%|█████▌    | 100/178 [05:19<04:02,  3.11s/it] 57%|█████▋    | 101/178 [05:22<04:01,  3.14s/it] 57%|█████▋    | 102/178 [05:25<03:58,  3.14s/it] 58%|█████▊    | 103/178 [05:28<03:56,  3.15s/it] 58%|█████▊    | 104/178 [05:31<03:51,  3.13s/it] 59%|█████▉    | 105/178 [05:34<03:46,  3.11s/it] 60%|█████▉    | 106/178 [05:38<03:43,  3.11s/it] 60%|██████    | 107/178 [05:41<03:38,  3.08s/it] 61%|██████    | 108/178 [05:44<03:34,  3.07s/it] 61%|██████    | 109/178 [05:47<03:31,  3.07s/it] 62%|██████▏   | 110/178 [05:50<03:27,  3.05s/it] 62%|██████▏   | 111/178 [05:53<03:25,  3.07s/it] 63%|██████▎   | 112/178 [05:56<03:23,  3.09s/it] 63%|██████▎   | 113/178 [05:59<03:21,  3.10s/it] 64%|██████▍   | 114/178 [06:02<03:19,  3.12s/it] 65%|██████▍   | 115/178 [06:05<03:17,  3.14s/it] 65%|██████▌   | 116/178 [06:09<03:15,  3.15s/it] 66%|██████▌   | 117/178 [06:11<03:07,  3.08s/it] 66%|██████▋   | 118/178 [06:15<03:04,  3.07s/it] 67%|██████▋   | 119/178 [06:18<03:00,  3.06s/it] 67%|██████▋   | 120/178 [06:21<02:59,  3.10s/it] 68%|██████▊   | 121/178 [06:24<02:57,  3.12s/it] 69%|██████▊   | 122/178 [06:27<02:52,  3.09s/it] 69%|██████▉   | 123/178 [06:30<02:50,  3.10s/it] 70%|██████▉   | 124/178 [06:33<02:52,  3.20s/it] 70%|███████   | 125/178 [06:37<02:49,  3.19s/it] 71%|███████   | 126/178 [06:40<02:44,  3.16s/it] 71%|███████▏  | 127/178 [06:43<02:41,  3.16s/it] 72%|███████▏  | 128/178 [06:46<02:38,  3.16s/it] 72%|███████▏  | 129/178 [06:49<02:33,  3.14s/it] 73%|███████▎  | 130/178 [06:52<02:29,  3.12s/it] 74%|███████▎  | 131/178 [06:55<02:28,  3.16s/it] 74%|███████▍  | 132/178 [06:59<02:25,  3.15s/it] 75%|███████▍  | 133/178 [07:02<02:20,  3.13s/it] 75%|███████▌  | 134/178 [07:05<02:17,  3.12s/it] 76%|███████▌  | 135/178 [07:08<02:14,  3.13s/it] 76%|███████▋  | 136/178 [07:11<02:09,  3.09s/it] 77%|███████▋  | 137/178 [07:14<02:09,  3.17s/it] 78%|███████▊  | 138/178 [07:17<02:06,  3.15s/it] 78%|███████▊  | 139/178 [07:21<02:06,  3.23s/it] 79%|███████▊  | 140/178 [07:24<02:02,  3.22s/it] 79%|███████▉  | 141/178 [07:27<01:58,  3.21s/it] 80%|███████▉  | 142/178 [07:30<01:54,  3.17s/it] 80%|████████  | 143/178 [07:33<01:50,  3.15s/it] 81%|████████  | 144/178 [07:36<01:46,  3.13s/it] 81%|████████▏ | 145/178 [07:40<01:42,  3.12s/it] 82%|████████▏ | 146/178 [07:43<01:38,  3.08s/it] 83%|████████▎ | 147/178 [07:46<01:36,  3.12s/it] 83%|████████▎ | 148/178 [07:49<01:33,  3.12s/it] 84%|████████▎ | 149/178 [07:52<01:32,  3.20s/it] 84%|████████▍ | 150/178 [07:55<01:28,  3.15s/it] 85%|████████▍ | 151/178 [07:58<01:24,  3.11s/it] 85%|████████▌ | 152/178 [08:02<01:21,  3.13s/it] 86%|████████▌ | 153/178 [08:05<01:18,  3.14s/it] 87%|████████▋ | 154/178 [08:08<01:15,  3.13s/it] 87%|████████▋ | 155/178 [08:11<01:11,  3.11s/it] 88%|████████▊ | 156/178 [08:14<01:07,  3.09s/it] 88%|████████▊ | 157/178 [08:17<01:05,  3.10s/it] 89%|████████▉ | 158/178 [08:20<01:02,  3.10s/it] 89%|████████▉ | 159/178 [08:23<00:59,  3.11s/it] 90%|████████▉ | 160/178 [08:26<00:55,  3.08s/it] 90%|█████████ | 161/178 [08:29<00:52,  3.08s/it] 91%|█████████ | 162/178 [08:32<00:49,  3.10s/it] 92%|█████████▏| 163/178 [08:35<00:46,  3.07s/it] 92%|█████████▏| 164/178 [08:39<00:43,  3.10s/it] 93%|█████████▎| 165/178 [08:42<00:39,  3.04s/it] 93%|█████████▎| 166/178 [08:45<00:36,  3.05s/it] 94%|█████████▍| 167/178 [08:48<00:34,  3.13s/it] 94%|█████████▍| 168/178 [08:51<00:31,  3.11s/it] 95%|█████████▍| 169/178 [08:54<00:28,  3.15s/it] 96%|█████████▌| 170/178 [08:57<00:24,  3.12s/it] 96%|█████████▌| 171/178 [09:00<00:21,  3.09s/it] 97%|█████████▋| 172/178 [09:03<00:18,  3.05s/it] 97%|█████████▋| 173/178 [09:06<00:15,  3.07s/it] 98%|█████████▊| 174/178 [09:10<00:12,  3.11s/it] 98%|█████████▊| 175/178 [09:13<00:09,  3.13s/it] 99%|█████████▉| 176/178 [09:16<00:06,  3.12s/it] 99%|█████████▉| 177/178 [09:19<00:03,  3.12s/it]100%|██████████| 178/178 [09:22<00:00,  3.07s/it]
